<?xml version="1.0" encoding="UTF-8"?>
<!-- Generated by org.testng.reporters.JUnitReportReporter -->
<testsuite skipped="0" hostname="LAPTOP-G5UB30A1" name="LoginPage.com.LoginPageTest" tests="1" failures="0" timestamp="03 Jul 2022 16:38:26 GMT" time="9.932" errors="0">
  <testcase name="test01" time="9.932" classname="LoginPage.com.LoginPageTest"/>
</testsuite> <!-- LoginPage.com.LoginPageTest -->
