<?xml version="1.0" encoding="UTF-8"?>
<!-- Generated by org.testng.reporters.JUnitReportReporter -->
<testsuite skipped="0" hostname="LAPTOP-G5UB30A1" name="com.jbk.tests.LoginTest" tests="1" failures="0" timestamp="29 May 2022 06:52:20 GMT" time="11.316" errors="0">
  <testcase name="verifycorrectcredential" time="11.316" classname="com.jbk.tests.LoginTest"/>
</testsuite> <!-- com.jbk.tests.LoginTest -->
