<?xml version="1.0" encoding="UTF-8"?>
<!-- Generated by org.testng.reporters.JUnitReportReporter -->
<testsuite skipped="0" hostname="LAPTOP-G5UB30A1" name="com.jbk.tests.Login2Test" tests="1" failures="0" timestamp="29 May 2022 07:48:12 GMT" time="5.596" errors="0">
  <testcase name="veryfyCorrectCritensial" time="5.596" classname="com.jbk.tests.Login2Test"/>
</testsuite> <!-- com.jbk.tests.Login2Test -->
