<?xml version="1.0" encoding="UTF-8"?>
<!-- Generated by org.testng.reporters.JUnitReportReporter -->
<testsuite skipped="0" hostname="LAPTOP-G5UB30A1" name="LoginPage.com.LoginTest" tests="3" failures="0" timestamp="11 Jun 2022 13:11:02 GMT" time="5.810" errors="0">
  <testcase name="test01" time="5.386" classname="LoginPage.com.LoginTest"/>
  <testcase name="dashboardtest02" time="0.149" classname="LoginPage.com.LoginTest"/>
  <testcase name="usertest03" time="0.275" classname="LoginPage.com.LoginTest"/>
</testsuite> <!-- LoginPage.com.LoginTest -->
