<?xml version="1.0" encoding="UTF-8"?>
<!-- Generated by org.testng.reporters.JUnitReportReporter -->
<testsuite skipped="0" hostname="LAPTOP-G5UB30A1" name="LoginPage.com.DashboardTest" tests="1" failures="0" timestamp="03 Jul 2022 16:39:42 GMT" time="36.362" errors="0">
  <testcase name="test01" time="36.362" classname="LoginPage.com.DashboardTest"/>
</testsuite> <!-- LoginPage.com.DashboardTest -->
