<?xml version="1.0" encoding="UTF-8"?>
<!-- Generated by org.testng.reporters.JUnitReportReporter -->
<testsuite skipped="0" hostname="LAPTOP-G5UB30A1" name="LoginPage.com.UsersTest" tests="1" failures="0" timestamp="02 Jul 2022 07:11:04 GMT" time="6.784" errors="0">
  <testcase name="test01" time="6.784" classname="LoginPage.com.UsersTest"/>
</testsuite> <!-- LoginPage.com.UsersTest -->
